Build started 6/1/2016 09:13:44.
     1>Project "C:\Users\Luna\Programming Projects\IGMTutorial\Physics\3D linear Collision Resolution\Linear_Collision_Resolution\Linear_Collision_Resolution.vcxproj" on node 2 (Build target(s)).
     1>ClCompile:
         C:\Program Files (x86)\Microsoft Visual Studio 12.0\VC\bin\CL.exe /c /I"C:\Users\Luna\Programming Projects\IGMTutorial\Physics\3D linear Collision Resolution\Linear_Collision_Resolution\\include" /ZI /nologo /W3 /WX- /sdl /Od /Oy- /D _MBCS /Gm /EHsc /RTC1 /MDd /GS /fp:precise /Zc:wchar_t /Zc:forScope /Fo"Debug\\" /Fd"Debug\vc120.pdb" /Gd /TP /analyze- /errorReport:prompt main.cpp
         main.cpp
     1>c:\users\luna\programming projects\igmtutorial\physics\3d linear collision resolution\linear_collision_resolution\main.cpp(188): warning C4244: '=' : conversion from 'double' to 'float', possible loss of data
     1>c:\users\luna\programming projects\igmtutorial\physics\3d linear collision resolution\linear_collision_resolution\main.cpp(189): warning C4244: '=' : conversion from 'double' to 'float', possible loss of data
     1>c:\users\luna\programming projects\igmtutorial\physics\3d linear collision resolution\linear_collision_resolution\main.cpp(190): warning C4244: '=' : conversion from 'double' to 'float', possible loss of data
     1>c:\users\luna\programming projects\igmtutorial\physics\3d linear collision resolution\linear_collision_resolution\main.cpp(193): warning C4305: '=' : truncation from 'double' to 'float'
     1>c:\users\luna\programming projects\igmtutorial\physics\3d linear collision resolution\linear_collision_resolution\main.cpp(196): warning C4244: '=' : conversion from 'double' to 'float', possible loss of data
     1>c:\users\luna\programming projects\igmtutorial\physics\3d linear collision resolution\linear_collision_resolution\main.cpp(197): warning C4244: '=' : conversion from 'double' to 'float', possible loss of data
     1>c:\users\luna\programming projects\igmtutorial\physics\3d linear collision resolution\linear_collision_resolution\main.cpp(198): warning C4244: '=' : conversion from 'double' to 'float', possible loss of data
     1>c:\users\luna\programming projects\igmtutorial\physics\3d linear collision resolution\linear_collision_resolution\main.cpp(201): warning C4305: '=' : truncation from 'double' to 'float'
     1>c:\users\luna\programming projects\igmtutorial\physics\3d linear collision resolution\linear_collision_resolution\main.cpp(204): warning C4244: '=' : conversion from 'double' to 'float', possible loss of data
     1>c:\users\luna\programming projects\igmtutorial\physics\3d linear collision resolution\linear_collision_resolution\main.cpp(205): warning C4244: '=' : conversion from 'double' to 'float', possible loss of data
     1>c:\users\luna\programming projects\igmtutorial\physics\3d linear collision resolution\linear_collision_resolution\main.cpp(206): warning C4244: '=' : conversion from 'double' to 'float', possible loss of data
     1>c:\users\luna\programming projects\igmtutorial\physics\3d linear collision resolution\linear_collision_resolution\main.cpp(212): warning C4244: '=' : conversion from 'double' to 'float', possible loss of data
     1>c:\users\luna\programming projects\igmtutorial\physics\3d linear collision resolution\linear_collision_resolution\main.cpp(213): warning C4244: '=' : conversion from 'double' to 'float', possible loss of data
     1>c:\users\luna\programming projects\igmtutorial\physics\3d linear collision resolution\linear_collision_resolution\main.cpp(214): warning C4244: '=' : conversion from 'double' to 'float', possible loss of data
     1>c:\users\luna\programming projects\igmtutorial\physics\3d linear collision resolution\linear_collision_resolution\main.cpp(217): warning C4305: '=' : truncation from 'double' to 'float'
     1>c:\users\luna\programming projects\igmtutorial\physics\3d linear collision resolution\linear_collision_resolution\main.cpp(235): warning C4018: '<' : signed/unsigned mismatch
       Link:
         C:\Program Files (x86)\Microsoft Visual Studio 12.0\VC\bin\link.exe /ERRORREPORT:PROMPT /OUT:"C:\Users\Luna\Programming Projects\IGMTutorial\Physics\3D linear Collision Resolution\Debug\Linear_Collision_Resolution.exe" /INCREMENTAL /NOLOGO /LIBPATH:"C:\Users\Luna\Programming Projects\IGMTutorial\Physics\3D linear Collision Resolution\Linear_Collision_Resolution\\lib" opengl32.lib glew32.lib glfw3.lib kernel32.lib user32.lib gdi32.lib winspool.lib comdlg32.lib advapi32.lib shell32.lib ole32.lib oleaut32.lib uuid.lib odbc32.lib odbccp32.lib /MANIFEST /MANIFESTUAC:"level='asInvoker' uiAccess='false'" /manifest:embed /DEBUG /PDB:"C:\Users\Luna\Programming Projects\IGMTutorial\Physics\3D linear Collision Resolution\Debug\Linear_Collision_Resolution.pdb" /TLBID:1 /DYNAMICBASE /NXCOMPAT /IMPLIB:"C:\Users\Luna\Programming Projects\IGMTutorial\Physics\3D linear Collision Resolution\Debug\Linear_Collision_Resolution.lib" /MACHINE:X86 Debug\main.obj
     1>LINK : warning LNK4098: defaultlib 'MSVCRT' conflicts with use of other libs; use /NODEFAULTLIB:library
         Linear_Collision_Resolution.vcxproj -> C:\Users\Luna\Programming Projects\IGMTutorial\Physics\3D linear Collision Resolution\Debug\Linear_Collision_Resolution.exe
     1>Done Building Project "C:\Users\Luna\Programming Projects\IGMTutorial\Physics\3D linear Collision Resolution\Linear_Collision_Resolution\Linear_Collision_Resolution.vcxproj" (Build target(s)).

Build succeeded.

Time Elapsed 00:00:01.28
